<?xml version="1.0" encoding="UTF-8"?>
<!-- Generated by org.testng.reporters.JUnitReportReporter -->
<testsuite hostname="RavinPC" failures="0" tests="3" name="com.webstore.testcases.TC004_SearchTest" time="12.783" errors="0" timestamp="2025-01-25T22:41:50 IST" skipped="0">
  <testcase classname="com.webstore.testcases.TC004_SearchTest" name="verifySearchWithoutAddingAnyProduct" time="3.375"/>
  <testcase classname="com.webstore.testcases.TC004_SearchTest" name="verifySearchWithValidProduct" time="4.627"/>
  <testcase classname="com.webstore.testcases.TC004_SearchTest" name="verifySearchWithInvalidProduct" time="4.781"/>
</testsuite> <!-- com.webstore.testcases.TC004_SearchTest -->
