<?xml version="1.0" encoding="UTF-8"?>
<!-- Generated by org.testng.reporters.JUnitReportReporter -->
<testsuite hostname="RavinPC" failures="0" tests="1" name="com.webstore.testcases.TC002_LoginTest" time="3.143" errors="0" timestamp="2025-01-25T14:37:47 IST" skipped="0">
  <testcase classname="com.webstore.testcases.TC002_LoginTest" name="verify_Login" time="3.143"/>
</testsuite> <!-- com.webstore.testcases.TC002_LoginTest -->
