<?xml version="1.0" encoding="UTF-8"?>
<!-- Generated by org.testng.reporters.JUnitReportReporter -->
<testsuite hostname="RavinPC" failures="0" tests="1" name="com.webstore.testcases.TC001_Account_Registration_Test" time="2.234" errors="0" timestamp="2025-01-25T14:37:47 IST" skipped="0">
  <testcase classname="com.webstore.testcases.TC001_Account_Registration_Test" name="verify_account_registration" time="2.234"/>
</testsuite> <!-- com.webstore.testcases.TC001_Account_Registration_Test -->
